{"app":"PHP","message":"PHP Startup: Unable to load dynamic library '\/usr\/lib\/php\/modules\/gd.so' - \/usr\/lib\/php\/modules\/gd.so: cannot open shared object file: No such file or directory at Unknown#0","level":3,"time":"2014-03-16T12:28:26+00:00"}
{"app":"PHP","message":"PHP Startup: Unable to load dynamic library '\/usr\/lib\/php\/modules\/sqlite3.so' - \/usr\/lib\/php\/modules\/sqlite3.so: cannot open shared object file: No such file or directory at Unknown#0","level":3,"time":"2014-03-16T12:29:35+00:00"}
{"app":"OCP\\Share","message":"Sharing backend OCA\\Contacts\\Share\\Addressbook not registered, OCA\\Contacts\\Share\\Addressbook is already registered for addressbook","level":2,"time":"2014-03-16T12:43:31+00:00"}
{"app":"PHP","message":"curl_setopt_array(): CURLOPT_FOLLOWLOCATION cannot be activated when an open_basedir is set at \/home\/untitaker\/projects\/owncloud-testserver\/owncloud\/3rdparty\/Sabre\/DAV\/Client.php#465","level":3,"time":"2014-03-16T12:43:31+00:00"}
{"app":"OCP\\Share","message":"Sharing backend OCA\\Contacts\\Share\\Addressbook not registered, OCA\\Contacts\\Share\\Addressbook is already registered for addressbook","level":2,"time":"2014-03-16T12:45:27+00:00"}
{"app":"OC\\Files\\Cache\\Scanner","message":"!!! Path 'files_trashbin\/files' is not readable !!!","level":0,"time":"2014-03-16T12:45:28+00:00"}
{"app":"OCP\\Share","message":"Sharing backend OCA\\Contacts\\Share\\Addressbook not registered, OCA\\Contacts\\Share\\Addressbook is already registered for addressbook","level":2,"time":"2014-03-16T12:45:28+00:00"}
{"app":"OCP\\Share","message":"Sharing backend OCA\\Contacts\\Share\\Addressbook not registered, OCA\\Contacts\\Share\\Addressbook is already registered for addressbook","level":2,"time":"2014-03-16T12:45:28+00:00"}
{"app":"OCP\\Share","message":"Sharing backend OCA\\Contacts\\Share\\Addressbook not registered, OCA\\Contacts\\Share\\Addressbook is already registered for addressbook","level":2,"time":"2014-03-16T12:45:28+00:00"}
{"app":"OCP\\Share","message":"Sharing backend OCA\\Contacts\\Share\\Addressbook not registered, OCA\\Contacts\\Share\\Addressbook is already registered for addressbook","level":2,"time":"2014-03-16T12:45:28+00:00"}
{"app":"OCP\\Share","message":"Sharing backend OCA\\Contacts\\Share\\Addressbook not registered, OCA\\Contacts\\Share\\Addressbook is already registered for addressbook","level":2,"time":"2014-03-16T12:45:28+00:00"}
{"app":"OCP\\Share","message":"Sharing backend OCA\\Contacts\\Share\\Addressbook not registered, OCA\\Contacts\\Share\\Addressbook is already registered for addressbook","level":2,"time":"2014-03-16T12:45:29+00:00"}
{"app":"OCP\\Share","message":"Sharing backend OCA\\Contacts\\Share\\Addressbook not registered, OCA\\Contacts\\Share\\Addressbook is already registered for addressbook","level":2,"time":"2014-03-16T12:45:30+00:00"}
{"app":"OCP\\Share","message":"Sharing backend OCA\\Contacts\\Share\\Addressbook not registered, OCA\\Contacts\\Share\\Addressbook is already registered for addressbook","level":2,"time":"2014-03-16T12:45:30+00:00"}
{"app":"OCP\\Share","message":"Sharing backend OCA\\Contacts\\Share\\Addressbook not registered, OCA\\Contacts\\Share\\Addressbook is already registered for addressbook","level":2,"time":"2014-03-16T12:45:30+00:00"}
{"app":"OCP\\Share","message":"Sharing backend OCA\\Contacts\\Share\\Addressbook not registered, OCA\\Contacts\\Share\\Addressbook is already registered for addressbook","level":2,"time":"2014-03-16T12:45:30+00:00"}
{"app":"OCP\\Share","message":"Sharing backend OCA\\Contacts\\Share\\Addressbook not registered, OCA\\Contacts\\Share\\Addressbook is already registered for addressbook","level":2,"time":"2014-03-16T12:45:30+00:00"}
{"app":"OCP\\Share","message":"Sharing backend OCA\\Contacts\\Share\\Addressbook not registered, OCA\\Contacts\\Share\\Addressbook is already registered for addressbook","level":2,"time":"2014-03-16T12:45:30+00:00"}
{"app":"OCP\\Share","message":"Sharing backend OCA\\Contacts\\Share\\Addressbook not registered, OCA\\Contacts\\Share\\Addressbook is already registered for addressbook","level":2,"time":"2014-03-16T12:45:30+00:00"}
{"app":"OCP\\Share","message":"Sharing backend OCA\\Contacts\\Share\\Addressbook not registered, OCA\\Contacts\\Share\\Addressbook is already registered for addressbook","level":2,"time":"2014-03-16T12:45:30+00:00"}
{"app":"OCP\\Share","message":"Sharing backend OCA\\Contacts\\Share\\Addressbook not registered, OCA\\Contacts\\Share\\Addressbook is already registered for addressbook","level":2,"time":"2014-03-16T12:45:30+00:00"}
{"app":"OCP\\Share","message":"Sharing backend OCA\\Contacts\\Share\\Addressbook not registered, OCA\\Contacts\\Share\\Addressbook is already registered for addressbook","level":2,"time":"2014-03-16T12:45:30+00:00"}
{"app":"OCP\\Share","message":"Sharing backend OCA\\Contacts\\Share\\Addressbook not registered, OCA\\Contacts\\Share\\Addressbook is already registered for addressbook","level":2,"time":"2014-03-16T12:45:33+00:00"}
{"app":"OCP\\Share","message":"Sharing backend OCA\\Contacts\\Share\\Addressbook not registered, OCA\\Contacts\\Share\\Addressbook is already registered for addressbook","level":2,"time":"2014-03-16T12:45:33+00:00"}
{"app":"OCP\\Share","message":"Sharing backend OCA\\Contacts\\Share\\Addressbook not registered, OCA\\Contacts\\Share\\Addressbook is already registered for addressbook","level":2,"time":"2014-03-16T12:46:37+00:00"}
{"app":"OC\\Files\\Cache\\Scanner","message":"!!! Path 'files_trashbin\/files' is not readable !!!","level":0,"time":"2014-03-16T12:46:37+00:00"}
{"app":"OCP\\Share","message":"Sharing backend OCA\\Contacts\\Share\\Addressbook not registered, OCA\\Contacts\\Share\\Addressbook is already registered for addressbook","level":2,"time":"2014-03-16T12:46:38+00:00"}
{"app":"OCP\\Share","message":"Sharing backend OCA\\Contacts\\Share\\Addressbook not registered, OCA\\Contacts\\Share\\Addressbook is already registered for addressbook","level":2,"time":"2014-03-16T12:46:38+00:00"}
{"app":"OCP\\Share","message":"Sharing backend OCA\\Contacts\\Share\\Addressbook not registered, OCA\\Contacts\\Share\\Addressbook is already registered for addressbook","level":2,"time":"2014-03-16T12:46:38+00:00"}
{"app":"OCP\\Share","message":"Sharing backend OCA\\Contacts\\Share\\Addressbook not registered, OCA\\Contacts\\Share\\Addressbook is already registered for addressbook","level":2,"time":"2014-03-16T12:46:38+00:00"}
{"app":"OCP\\Share","message":"Sharing backend OCA\\Contacts\\Share\\Addressbook not registered, OCA\\Contacts\\Share\\Addressbook is already registered for addressbook","level":2,"time":"2014-03-16T12:46:38+00:00"}
{"app":"OCP\\Share","message":"Sharing backend OCA\\Contacts\\Share\\Addressbook not registered, OCA\\Contacts\\Share\\Addressbook is already registered for addressbook","level":2,"time":"2014-03-16T12:46:39+00:00"}
{"app":"OCP\\Share","message":"Sharing backend OCA\\Contacts\\Share\\Addressbook not registered, OCA\\Contacts\\Share\\Addressbook is already registered for addressbook","level":2,"time":"2014-03-16T12:46:39+00:00"}
{"app":"OCP\\Share","message":"Sharing backend OCA\\Contacts\\Share\\Addressbook not registered, OCA\\Contacts\\Share\\Addressbook is already registered for addressbook","level":2,"time":"2014-03-16T12:46:39+00:00"}
{"app":"OCP\\Share","message":"Sharing backend OCA\\Contacts\\Share\\Addressbook not registered, OCA\\Contacts\\Share\\Addressbook is already registered for addressbook","level":2,"time":"2014-03-16T12:46:39+00:00"}
{"app":"OCP\\Share","message":"Sharing backend OCA\\Contacts\\Share\\Addressbook not registered, OCA\\Contacts\\Share\\Addressbook is already registered for addressbook","level":2,"time":"2014-03-16T12:46:39+00:00"}
{"app":"OCP\\Share","message":"Sharing backend OCA\\Contacts\\Share\\Addressbook not registered, OCA\\Contacts\\Share\\Addressbook is already registered for addressbook","level":2,"time":"2014-03-16T12:46:39+00:00"}
{"app":"OCP\\Share","message":"Sharing backend OCA\\Contacts\\Share\\Addressbook not registered, OCA\\Contacts\\Share\\Addressbook is already registered for addressbook","level":2,"time":"2014-03-16T12:46:39+00:00"}
{"app":"OCP\\Share","message":"Sharing backend OCA\\Contacts\\Share\\Addressbook not registered, OCA\\Contacts\\Share\\Addressbook is already registered for addressbook","level":2,"time":"2014-03-16T12:46:39+00:00"}
{"app":"OCP\\Share","message":"Sharing backend OCA\\Contacts\\Share\\Addressbook not registered, OCA\\Contacts\\Share\\Addressbook is already registered for addressbook","level":2,"time":"2014-03-16T12:46:40+00:00"}
{"app":"OCP\\Share","message":"Sharing backend OCA\\Contacts\\Share\\Addressbook not registered, OCA\\Contacts\\Share\\Addressbook is already registered for addressbook","level":2,"time":"2014-03-16T12:46:40+00:00"}
{"app":"OCP\\Share","message":"Sharing backend OCA\\Contacts\\Share\\Addressbook not registered, OCA\\Contacts\\Share\\Addressbook is already registered for addressbook","level":2,"time":"2014-03-16T12:46:40+00:00"}
{"app":"OCP\\Share","message":"Sharing backend OCA\\Contacts\\Share\\Addressbook not registered, OCA\\Contacts\\Share\\Addressbook is already registered for addressbook","level":2,"time":"2014-03-16T12:46:43+00:00"}
{"app":"OCP\\Share","message":"Sharing backend OCA\\Contacts\\Share\\Addressbook not registered, OCA\\Contacts\\Share\\Addressbook is already registered for addressbook","level":2,"time":"2014-03-16T12:46:43+00:00"}
{"app":"OCP\\Share","message":"Sharing backend OCA\\Contacts\\Share\\Addressbook not registered, OCA\\Contacts\\Share\\Addressbook is already registered for addressbook","level":2,"time":"2014-03-16T12:46:43+00:00"}
{"app":"OCP\\Share","message":"Sharing backend OCA\\Contacts\\Share\\Addressbook not registered, OCA\\Contacts\\Share\\Addressbook is already registered for addressbook","level":2,"time":"2014-03-16T12:46:43+00:00"}
{"app":"OCP\\Share","message":"Sharing backend OCA\\Contacts\\Share\\Addressbook not registered, OCA\\Contacts\\Share\\Addressbook is already registered for addressbook","level":2,"time":"2014-03-16T12:46:43+00:00"}
{"app":"OCP\\Share","message":"Sharing backend OCA\\Contacts\\Share\\Addressbook not registered, OCA\\Contacts\\Share\\Addressbook is already registered for addressbook","level":2,"time":"2014-03-16T12:46:43+00:00"}
{"app":"OCP\\Share","message":"Sharing backend OCA\\Contacts\\Share\\Addressbook not registered, OCA\\Contacts\\Share\\Addressbook is already registered for addressbook","level":2,"time":"2014-03-16T12:46:43+00:00"}
{"app":"core","message":"OC\\Tags::loadTags, tags: Array\n(\n)\n","level":0,"time":"2014-03-16T12:46:43+00:00"}
{"app":"core","message":"OC\\Tags::loadTags, tags: Array\n(\n    [1] => Birthday\n    [2] => Business\n    [3] => Call\n    [4] => Clients\n    [5] => Deliverer\n    [6] => Holidays\n    [7] => Ideas\n    [8] => Journey\n    [9] => Jubilee\n    [10] => Meeting\n    [11] => Other\n    [12] => Personal\n    [13] => Projects\n    [14] => Questions\n    [15] => Work\n)\n","level":0,"time":"2014-03-16T12:46:45+00:00"}
{"app":"core","message":"OC\\Tags::loadTags, tags: Array\n(\n    [1] => Birthday\n    [2] => Business\n    [3] => Call\n    [4] => Clients\n    [5] => Deliverer\n    [6] => Holidays\n    [7] => Ideas\n    [8] => Journey\n    [9] => Jubilee\n    [10] => Meeting\n    [11] => Other\n    [12] => Personal\n    [13] => Projects\n    [14] => Questions\n    [15] => Work\n)\n","level":0,"time":"2014-03-16T12:46:45+00:00"}
{"app":"OCP\\Share","message":"Sharing backend OCA\\Contacts\\Share\\Addressbook not registered, OCA\\Contacts\\Share\\Addressbook is already registered for addressbook","level":2,"time":"2014-03-16T12:46:45+00:00"}
{"app":"OCP\\Share","message":"Sharing backend OCA\\Contacts\\Share\\Addressbook not registered, OCA\\Contacts\\Share\\Addressbook is already registered for addressbook","level":2,"time":"2014-03-16T12:46:45+00:00"}
{"app":"OCP\\Share","message":"Sharing backend OCA\\Contacts\\Share\\Addressbook not registered, OCA\\Contacts\\Share\\Addressbook is already registered for addressbook","level":2,"time":"2014-03-16T12:46:45+00:00"}
{"app":"OCP\\Share","message":"Sharing backend OCA\\Contacts\\Share\\Addressbook not registered, OCA\\Contacts\\Share\\Addressbook is already registered for addressbook","level":2,"time":"2014-03-16T12:46:45+00:00"}
{"app":"OCP\\Share","message":"Sharing backend OCA\\Contacts\\Share\\Addressbook not registered, OCA\\Contacts\\Share\\Addressbook is already registered for addressbook","level":2,"time":"2014-03-16T12:46:45+00:00"}
{"app":"OCP\\Share","message":"Sharing backend OCA\\Contacts\\Share\\Addressbook not registered, OCA\\Contacts\\Share\\Addressbook is already registered for addressbook","level":2,"time":"2014-03-16T12:46:45+00:00"}
{"app":"OCP\\Share","message":"Sharing backend OCA\\Contacts\\Share\\Addressbook not registered, OCA\\Contacts\\Share\\Addressbook is already registered for addressbook","level":2,"time":"2014-03-16T12:46:45+00:00"}
{"app":"OCP\\Share","message":"Sharing backend OCA\\Contacts\\Share\\Addressbook not registered, OCA\\Contacts\\Share\\Addressbook is already registered for addressbook","level":2,"time":"2014-03-16T12:46:46+00:00"}
{"app":"OCP\\Share","message":"Sharing backend OCA\\Contacts\\Share\\Addressbook not registered, OCA\\Contacts\\Share\\Addressbook is already registered for addressbook","level":2,"time":"2014-03-16T12:50:41+00:00"}
{"app":"OCP\\Share","message":"Sharing backend OCA\\Contacts\\Share\\Addressbook not registered, OCA\\Contacts\\Share\\Addressbook is already registered for addressbook","level":2,"time":"2014-03-16T12:50:41+00:00"}
{"app":"OCP\\Share","message":"Sharing backend OCA\\Contacts\\Share\\Addressbook not registered, OCA\\Contacts\\Share\\Addressbook is already registered for addressbook","level":2,"time":"2014-03-16T12:50:42+00:00"}
{"app":"OCP\\Share","message":"Sharing backend OCA\\Contacts\\Share\\Addressbook not registered, OCA\\Contacts\\Share\\Addressbook is already registered for addressbook","level":2,"time":"2014-03-16T12:50:42+00:00"}
{"app":"OCP\\Share","message":"Sharing backend OCA\\Contacts\\Share\\Addressbook not registered, OCA\\Contacts\\Share\\Addressbook is already registered for addressbook","level":2,"time":"2014-03-16T12:50:42+00:00"}
{"app":"OCP\\Share","message":"Sharing backend OCA\\Contacts\\Share\\Addressbook not registered, OCA\\Contacts\\Share\\Addressbook is already registered for addressbook","level":2,"time":"2014-03-16T12:50:42+00:00"}
{"app":"OCP\\Share","message":"Sharing backend OCA\\Contacts\\Share\\Addressbook not registered, OCA\\Contacts\\Share\\Addressbook is already registered for addressbook","level":2,"time":"2014-03-16T12:50:42+00:00"}
{"app":"core","message":"OC\\Tags::loadTags, tags: Array\n(\n    [1] => Birthday\n    [2] => Business\n    [3] => Call\n    [4] => Clients\n    [5] => Deliverer\n    [6] => Holidays\n    [7] => Ideas\n    [8] => Journey\n    [9] => Jubilee\n    [10] => Meeting\n    [11] => Other\n    [12] => Personal\n    [13] => Projects\n    [14] => Questions\n    [15] => Work\n)\n","level":0,"time":"2014-03-16T12:50:42+00:00"}
{"app":"core","message":"OC\\Tags::loadTags, tags: Array\n(\n    [1] => Birthday\n    [2] => Business\n    [3] => Call\n    [4] => Clients\n    [5] => Deliverer\n    [6] => Holidays\n    [7] => Ideas\n    [8] => Journey\n    [9] => Jubilee\n    [10] => Meeting\n    [11] => Other\n    [12] => Personal\n    [13] => Projects\n    [14] => Questions\n    [15] => Work\n)\n","level":0,"time":"2014-03-16T12:50:42+00:00"}
{"app":"OCP\\Share","message":"Sharing backend OCA\\Contacts\\Share\\Addressbook not registered, OCA\\Contacts\\Share\\Addressbook is already registered for addressbook","level":2,"time":"2014-03-16T12:50:43+00:00"}
{"app":"OCP\\Share","message":"Sharing backend OCA\\Contacts\\Share\\Addressbook not registered, OCA\\Contacts\\Share\\Addressbook is already registered for addressbook","level":2,"time":"2014-03-16T12:50:43+00:00"}
{"app":"OCP\\Share","message":"Sharing backend OCA\\Contacts\\Share\\Addressbook not registered, OCA\\Contacts\\Share\\Addressbook is already registered for addressbook","level":2,"time":"2014-03-16T12:50:43+00:00"}
{"app":"OCP\\Share","message":"Sharing backend OCA\\Contacts\\Share\\Addressbook not registered, OCA\\Contacts\\Share\\Addressbook is already registered for addressbook","level":2,"time":"2014-03-16T12:50:45+00:00"}
{"app":"OCP\\Share","message":"Sharing backend OCA\\Contacts\\Share\\Addressbook not registered, OCA\\Contacts\\Share\\Addressbook is already registered for addressbook","level":2,"time":"2014-03-16T12:50:45+00:00"}
{"app":"OCP\\Share","message":"Sharing backend OCA\\Contacts\\Share\\Addressbook not registered, OCA\\Contacts\\Share\\Addressbook is already registered for addressbook","level":2,"time":"2014-03-16T12:50:45+00:00"}
{"app":"OCP\\Share","message":"Sharing backend OCA\\Contacts\\Share\\Addressbook not registered, OCA\\Contacts\\Share\\Addressbook is already registered for addressbook","level":2,"time":"2014-03-16T12:50:45+00:00"}
{"app":"OCP\\Share","message":"Sharing backend OCA\\Contacts\\Share\\Addressbook not registered, OCA\\Contacts\\Share\\Addressbook is already registered for addressbook","level":2,"time":"2014-03-16T12:50:45+00:00"}
{"app":"OCP\\Share","message":"Sharing backend OCA\\Contacts\\Share\\Addressbook not registered, OCA\\Contacts\\Share\\Addressbook is already registered for addressbook","level":2,"time":"2014-03-16T13:18:43+00:00"}
{"app":"OC\\Files\\Cache\\Scanner","message":"!!! Path 'files_trashbin\/files' is not readable !!!","level":0,"time":"2014-03-16T13:18:43+00:00"}
{"app":"OCP\\Share","message":"Sharing backend OCA\\Contacts\\Share\\Addressbook not registered, OCA\\Contacts\\Share\\Addressbook is already registered for addressbook","level":2,"time":"2014-03-16T13:18:48+00:00"}
{"app":"OCP\\Share","message":"Sharing backend OCA\\Contacts\\Share\\Addressbook not registered, OCA\\Contacts\\Share\\Addressbook is already registered for addressbook","level":2,"time":"2014-03-16T13:18:48+00:00"}
{"app":"OCP\\Share","message":"Sharing backend OCA\\Contacts\\Share\\Addressbook not registered, OCA\\Contacts\\Share\\Addressbook is already registered for addressbook","level":2,"time":"2014-03-16T13:18:48+00:00"}
{"app":"OCP\\Share","message":"Sharing backend OCA\\Contacts\\Share\\Addressbook not registered, OCA\\Contacts\\Share\\Addressbook is already registered for addressbook","level":2,"time":"2014-03-16T13:18:48+00:00"}
{"app":"OCP\\Share","message":"Sharing backend OCA\\Contacts\\Share\\Addressbook not registered, OCA\\Contacts\\Share\\Addressbook is already registered for addressbook","level":2,"time":"2014-03-16T13:18:48+00:00"}
{"app":"OCP\\Share","message":"Sharing backend OCA\\Contacts\\Share\\Addressbook not registered, OCA\\Contacts\\Share\\Addressbook is already registered for addressbook","level":2,"time":"2014-03-16T13:18:48+00:00"}
{"app":"OC\\Files\\Cache\\Scanner","message":"!!! Path 'files_trashbin\/files' is not readable !!!","level":0,"time":"2014-03-16T13:18:48+00:00"}
{"app":"OCP\\Share","message":"Sharing backend OCA\\Contacts\\Share\\Addressbook not registered, OCA\\Contacts\\Share\\Addressbook is already registered for addressbook","level":2,"time":"2014-03-16T13:18:48+00:00"}
{"app":"OCP\\Share","message":"Sharing backend OCA\\Contacts\\Share\\Addressbook not registered, OCA\\Contacts\\Share\\Addressbook is already registered for addressbook","level":2,"time":"2014-03-16T13:18:48+00:00"}
{"app":"OCP\\Share","message":"Sharing backend OCA\\Contacts\\Share\\Addressbook not registered, OCA\\Contacts\\Share\\Addressbook is already registered for addressbook","level":2,"time":"2014-03-16T13:18:48+00:00"}
{"app":"OCP\\Share","message":"Sharing backend OCA\\Contacts\\Share\\Addressbook not registered, OCA\\Contacts\\Share\\Addressbook is already registered for addressbook","level":2,"time":"2014-03-16T13:18:48+00:00"}
{"app":"OCP\\Share","message":"Sharing backend OCA\\Contacts\\Share\\Addressbook not registered, OCA\\Contacts\\Share\\Addressbook is already registered for addressbook","level":2,"time":"2014-03-16T13:18:48+00:00"}
{"app":"OCP\\Share","message":"Sharing backend OCA\\Contacts\\Share\\Addressbook not registered, OCA\\Contacts\\Share\\Addressbook is already registered for addressbook","level":2,"time":"2014-03-16T13:18:48+00:00"}
{"app":"OCP\\Share","message":"Sharing backend OCA\\Contacts\\Share\\Addressbook not registered, OCA\\Contacts\\Share\\Addressbook is already registered for addressbook","level":2,"time":"2014-03-16T13:18:49+00:00"}
{"app":"OCP\\Share","message":"Sharing backend OCA\\Contacts\\Share\\Addressbook not registered, OCA\\Contacts\\Share\\Addressbook is already registered for addressbook","level":2,"time":"2014-03-16T13:18:49+00:00"}
{"app":"OCP\\Share","message":"Sharing backend OCA\\Contacts\\Share\\Addressbook not registered, OCA\\Contacts\\Share\\Addressbook is already registered for addressbook","level":2,"time":"2014-03-16T13:18:49+00:00"}
{"app":"OCP\\Share","message":"Sharing backend OCA\\Contacts\\Share\\Addressbook not registered, OCA\\Contacts\\Share\\Addressbook is already registered for addressbook","level":2,"time":"2014-03-16T13:18:49+00:00"}
{"app":"OCP\\Share","message":"Sharing backend OCA\\Contacts\\Share\\Addressbook not registered, OCA\\Contacts\\Share\\Addressbook is already registered for addressbook","level":2,"time":"2014-03-16T13:18:49+00:00"}
{"app":"OCP\\Share","message":"Sharing backend OCA\\Contacts\\Share\\Addressbook not registered, OCA\\Contacts\\Share\\Addressbook is already registered for addressbook","level":2,"time":"2014-03-16T13:18:49+00:00"}
{"app":"OCP\\Share","message":"Sharing backend OCA\\Contacts\\Share\\Addressbook not registered, OCA\\Contacts\\Share\\Addressbook is already registered for addressbook","level":2,"time":"2014-03-16T13:18:50+00:00"}
{"app":"OCP\\Share","message":"Sharing backend OCA\\Contacts\\Share\\Addressbook not registered, OCA\\Contacts\\Share\\Addressbook is already registered for addressbook","level":2,"time":"2014-03-16T13:18:50+00:00"}
{"app":"OCP\\Share","message":"Sharing backend OCA\\Contacts\\Share\\Addressbook not registered, OCA\\Contacts\\Share\\Addressbook is already registered for addressbook","level":2,"time":"2014-03-16T13:18:50+00:00"}
{"app":"OCP\\Share","message":"Sharing backend OCA\\Contacts\\Share\\Addressbook not registered, OCA\\Contacts\\Share\\Addressbook is already registered for addressbook","level":2,"time":"2014-03-16T13:18:50+00:00"}
{"app":"OCP\\Share","message":"Sharing backend OCA\\Contacts\\Share\\Addressbook not registered, OCA\\Contacts\\Share\\Addressbook is already registered for addressbook","level":2,"time":"2014-03-16T13:18:50+00:00"}
{"app":"OCP\\Share","message":"Sharing backend OCA\\Contacts\\Share\\Addressbook not registered, OCA\\Contacts\\Share\\Addressbook is already registered for addressbook","level":2,"time":"2014-03-16T13:18:51+00:00"}
{"app":"OCP\\Share","message":"Sharing backend OCA\\Contacts\\Share\\Addressbook not registered, OCA\\Contacts\\Share\\Addressbook is already registered for addressbook","level":2,"time":"2014-03-16T13:18:52+00:00"}
{"app":"OCP\\Share","message":"Sharing backend OCA\\Contacts\\Share\\Addressbook not registered, OCA\\Contacts\\Share\\Addressbook is already registered for addressbook","level":2,"time":"2014-03-16T13:18:52+00:00"}
{"app":"OCP\\Share","message":"Sharing backend OCA\\Contacts\\Share\\Addressbook not registered, OCA\\Contacts\\Share\\Addressbook is already registered for addressbook","level":2,"time":"2014-03-16T13:18:52+00:00"}
{"app":"OCP\\Share","message":"Sharing backend OCA\\Contacts\\Share\\Addressbook not registered, OCA\\Contacts\\Share\\Addressbook is already registered for addressbook","level":2,"time":"2014-03-16T13:18:52+00:00"}
{"app":"OCP\\Share","message":"Sharing backend OCA\\Contacts\\Share\\Addressbook not registered, OCA\\Contacts\\Share\\Addressbook is already registered for addressbook","level":2,"time":"2014-03-16T13:18:52+00:00"}
{"app":"OCP\\Share","message":"Sharing backend OCA\\Contacts\\Share\\Addressbook not registered, OCA\\Contacts\\Share\\Addressbook is already registered for addressbook","level":2,"time":"2014-03-16T13:18:52+00:00"}
{"app":"core","message":"OC\\Tags::loadTags, tags: Array\n(\n    [1] => Birthday\n    [2] => Business\n    [3] => Call\n    [4] => Clients\n    [5] => Deliverer\n    [6] => Holidays\n    [7] => Ideas\n    [8] => Journey\n    [9] => Jubilee\n    [10] => Meeting\n    [11] => Other\n    [12] => Personal\n    [13] => Projects\n    [14] => Questions\n    [15] => Work\n)\n","level":0,"time":"2014-03-16T13:18:52+00:00"}
{"app":"core","message":"OC\\Tags::loadTags, tags: Array\n(\n    [1] => Birthday\n    [2] => Business\n    [3] => Call\n    [4] => Clients\n    [5] => Deliverer\n    [6] => Holidays\n    [7] => Ideas\n    [8] => Journey\n    [9] => Jubilee\n    [10] => Meeting\n    [11] => Other\n    [12] => Personal\n    [13] => Projects\n    [14] => Questions\n    [15] => Work\n)\n","level":0,"time":"2014-03-16T13:18:52+00:00"}
{"app":"OCP\\Share","message":"Sharing backend OCA\\Contacts\\Share\\Addressbook not registered, OCA\\Contacts\\Share\\Addressbook is already registered for addressbook","level":2,"time":"2014-03-16T13:18:52+00:00"}
{"app":"OCP\\Share","message":"Sharing backend OCA\\Contacts\\Share\\Addressbook not registered, OCA\\Contacts\\Share\\Addressbook is already registered for addressbook","level":2,"time":"2014-03-16T13:18:53+00:00"}
{"app":"OCP\\Share","message":"Sharing backend OCA\\Contacts\\Share\\Addressbook not registered, OCA\\Contacts\\Share\\Addressbook is already registered for addressbook","level":2,"time":"2014-03-16T13:18:53+00:00"}
{"app":"OCP\\Share","message":"Sharing backend OCA\\Contacts\\Share\\Addressbook not registered, OCA\\Contacts\\Share\\Addressbook is already registered for addressbook","level":2,"time":"2014-03-16T13:18:53+00:00"}
{"app":"OCP\\Share","message":"Sharing backend OCA\\Contacts\\Share\\Addressbook not registered, OCA\\Contacts\\Share\\Addressbook is already registered for addressbook","level":2,"time":"2014-03-16T13:18:53+00:00"}
{"app":"OCP\\Share","message":"Sharing backend OCA\\Contacts\\Share\\Addressbook not registered, OCA\\Contacts\\Share\\Addressbook is already registered for addressbook","level":2,"time":"2014-03-16T13:18:53+00:00"}
{"app":"OCP\\Share","message":"Sharing backend OCA\\Contacts\\Share\\Addressbook not registered, OCA\\Contacts\\Share\\Addressbook is already registered for addressbook","level":2,"time":"2014-03-16T13:18:53+00:00"}
{"app":"OCP\\Share","message":"Sharing backend OCA\\Contacts\\Share\\Addressbook not registered, OCA\\Contacts\\Share\\Addressbook is already registered for addressbook","level":2,"time":"2014-03-16T13:18:53+00:00"}
{"app":"OCP\\Share","message":"Sharing backend OCA\\Contacts\\Share\\Addressbook not registered, OCA\\Contacts\\Share\\Addressbook is already registered for addressbook","level":2,"time":"2014-03-16T13:18:55+00:00"}
{"app":"OCP\\Share","message":"Sharing backend OCA\\Contacts\\Share\\Addressbook not registered, OCA\\Contacts\\Share\\Addressbook is already registered for addressbook","level":2,"time":"2014-03-16T13:18:55+00:00"}
{"app":"OCP\\Share","message":"Sharing backend OCA\\Contacts\\Share\\Addressbook not registered, OCA\\Contacts\\Share\\Addressbook is already registered for addressbook","level":2,"time":"2014-03-16T13:18:55+00:00"}
{"app":"OCP\\Share","message":"Sharing backend OCA\\Contacts\\Share\\Addressbook not registered, OCA\\Contacts\\Share\\Addressbook is already registered for addressbook","level":2,"time":"2014-03-16T13:18:55+00:00"}
{"app":"OCP\\Share","message":"Sharing backend OCA\\Contacts\\Share\\Addressbook not registered, OCA\\Contacts\\Share\\Addressbook is already registered for addressbook","level":2,"time":"2014-03-16T13:18:55+00:00"}
{"app":"OCP\\Share","message":"Sharing backend OCA\\Contacts\\Share\\Addressbook not registered, OCA\\Contacts\\Share\\Addressbook is already registered for addressbook","level":2,"time":"2014-03-16T13:18:55+00:00"}
{"app":"OCP\\Share","message":"Sharing backend OCA\\Contacts\\Share\\Addressbook not registered, OCA\\Contacts\\Share\\Addressbook is already registered for addressbook","level":2,"time":"2014-03-16T13:18:55+00:00"}
{"app":"OCP\\Share","message":"Sharing backend OCA\\Contacts\\Share\\Addressbook not registered, OCA\\Contacts\\Share\\Addressbook is already registered for addressbook","level":2,"time":"2014-03-16T13:20:00+00:00"}
{"app":"OC\\Files\\Cache\\Scanner","message":"!!! Path 'files_trashbin\/files' is not readable !!!","level":0,"time":"2014-03-16T13:20:00+00:00"}
{"app":"OCP\\Share","message":"Sharing backend OCA\\Contacts\\Share\\Addressbook not registered, OCA\\Contacts\\Share\\Addressbook is already registered for addressbook","level":2,"time":"2014-03-16T13:20:00+00:00"}
{"app":"OCP\\Share","message":"Sharing backend OCA\\Contacts\\Share\\Addressbook not registered, OCA\\Contacts\\Share\\Addressbook is already registered for addressbook","level":2,"time":"2014-03-16T13:20:00+00:00"}
{"app":"OCP\\Share","message":"Sharing backend OCA\\Contacts\\Share\\Addressbook not registered, OCA\\Contacts\\Share\\Addressbook is already registered for addressbook","level":2,"time":"2014-03-16T13:20:00+00:00"}
{"app":"OCP\\Share","message":"Sharing backend OCA\\Contacts\\Share\\Addressbook not registered, OCA\\Contacts\\Share\\Addressbook is already registered for addressbook","level":2,"time":"2014-03-16T13:20:00+00:00"}
{"app":"OCP\\Share","message":"Sharing backend OCA\\Contacts\\Share\\Addressbook not registered, OCA\\Contacts\\Share\\Addressbook is already registered for addressbook","level":2,"time":"2014-03-16T13:20:00+00:00"}
{"app":"OCP\\Share","message":"Sharing backend OCA\\Contacts\\Share\\Addressbook not registered, OCA\\Contacts\\Share\\Addressbook is already registered for addressbook","level":2,"time":"2014-03-16T13:20:01+00:00"}
{"app":"OCP\\Share","message":"Sharing backend OCA\\Contacts\\Share\\Addressbook not registered, OCA\\Contacts\\Share\\Addressbook is already registered for addressbook","level":2,"time":"2014-03-16T13:20:01+00:00"}
{"app":"OCP\\Share","message":"Sharing backend OCA\\Contacts\\Share\\Addressbook not registered, OCA\\Contacts\\Share\\Addressbook is already registered for addressbook","level":2,"time":"2014-03-16T13:20:01+00:00"}
{"app":"OCP\\Share","message":"Sharing backend OCA\\Contacts\\Share\\Addressbook not registered, OCA\\Contacts\\Share\\Addressbook is already registered for addressbook","level":2,"time":"2014-03-16T13:20:01+00:00"}
{"app":"OCP\\Share","message":"Sharing backend OCA\\Contacts\\Share\\Addressbook not registered, OCA\\Contacts\\Share\\Addressbook is already registered for addressbook","level":2,"time":"2014-03-16T13:20:01+00:00"}
{"app":"OCP\\Share","message":"Sharing backend OCA\\Contacts\\Share\\Addressbook not registered, OCA\\Contacts\\Share\\Addressbook is already registered for addressbook","level":2,"time":"2014-03-16T13:20:01+00:00"}
{"app":"OCP\\Share","message":"Sharing backend OCA\\Contacts\\Share\\Addressbook not registered, OCA\\Contacts\\Share\\Addressbook is already registered for addressbook","level":2,"time":"2014-03-16T13:20:01+00:00"}
{"app":"OCP\\Share","message":"Sharing backend OCA\\Contacts\\Share\\Addressbook not registered, OCA\\Contacts\\Share\\Addressbook is already registered for addressbook","level":2,"time":"2014-03-16T13:20:01+00:00"}
{"app":"OCP\\Share","message":"Sharing backend OCA\\Contacts\\Share\\Addressbook not registered, OCA\\Contacts\\Share\\Addressbook is already registered for addressbook","level":2,"time":"2014-03-16T13:20:02+00:00"}
{"app":"OCP\\Share","message":"Sharing backend OCA\\Contacts\\Share\\Addressbook not registered, OCA\\Contacts\\Share\\Addressbook is already registered for addressbook","level":2,"time":"2014-03-16T13:20:02+00:00"}
{"app":"OCP\\Share","message":"Sharing backend OCA\\Contacts\\Share\\Addressbook not registered, OCA\\Contacts\\Share\\Addressbook is already registered for addressbook","level":2,"time":"2014-03-16T13:20:02+00:00"}
{"app":"OCP\\Share","message":"Sharing backend OCA\\Contacts\\Share\\Addressbook not registered, OCA\\Contacts\\Share\\Addressbook is already registered for addressbook","level":2,"time":"2014-03-16T13:20:03+00:00"}
{"app":"OCP\\Share","message":"Sharing backend OCA\\Contacts\\Share\\Addressbook not registered, OCA\\Contacts\\Share\\Addressbook is already registered for addressbook","level":2,"time":"2014-03-16T13:20:04+00:00"}
{"app":"OCP\\Share","message":"Sharing backend OCA\\Contacts\\Share\\Addressbook not registered, OCA\\Contacts\\Share\\Addressbook is already registered for addressbook","level":2,"time":"2014-03-16T13:20:04+00:00"}
{"app":"OCP\\Share","message":"Sharing backend OCA\\Contacts\\Share\\Addressbook not registered, OCA\\Contacts\\Share\\Addressbook is already registered for addressbook","level":2,"time":"2014-03-16T13:20:04+00:00"}
{"app":"OCP\\Share","message":"Sharing backend OCA\\Contacts\\Share\\Addressbook not registered, OCA\\Contacts\\Share\\Addressbook is already registered for addressbook","level":2,"time":"2014-03-16T13:20:04+00:00"}
{"app":"OCP\\Share","message":"Sharing backend OCA\\Contacts\\Share\\Addressbook not registered, OCA\\Contacts\\Share\\Addressbook is already registered for addressbook","level":2,"time":"2014-03-16T13:20:04+00:00"}
{"app":"OCP\\Share","message":"Sharing backend OCA\\Contacts\\Share\\Addressbook not registered, OCA\\Contacts\\Share\\Addressbook is already registered for addressbook","level":2,"time":"2014-03-16T13:20:04+00:00"}
{"app":"OCP\\Share","message":"Sharing backend OCA\\Contacts\\Share\\Addressbook not registered, OCA\\Contacts\\Share\\Addressbook is already registered for addressbook","level":2,"time":"2014-03-16T13:20:04+00:00"}
{"app":"OCP\\Share","message":"Sharing backend OCA\\Contacts\\Share\\Addressbook not registered, OCA\\Contacts\\Share\\Addressbook is already registered for addressbook","level":2,"time":"2014-03-16T13:20:04+00:00"}
{"app":"OCP\\Share","message":"Sharing backend OCA\\Contacts\\Share\\Addressbook not registered, OCA\\Contacts\\Share\\Addressbook is already registered for addressbook","level":2,"time":"2014-03-16T13:20:05+00:00"}
{"app":"OCP\\Share","message":"Sharing backend OCA\\Contacts\\Share\\Addressbook not registered, OCA\\Contacts\\Share\\Addressbook is already registered for addressbook","level":2,"time":"2014-03-16T13:20:05+00:00"}
{"app":"OCP\\Share","message":"Sharing backend OCA\\Contacts\\Share\\Addressbook not registered, OCA\\Contacts\\Share\\Addressbook is already registered for addressbook","level":2,"time":"2014-03-16T13:20:05+00:00"}
{"app":"OCP\\Share","message":"Sharing backend OCA\\Contacts\\Share\\Addressbook not registered, OCA\\Contacts\\Share\\Addressbook is already registered for addressbook","level":2,"time":"2014-03-16T13:20:05+00:00"}
{"app":"OCP\\Share","message":"Sharing backend OCA\\Contacts\\Share\\Addressbook not registered, OCA\\Contacts\\Share\\Addressbook is already registered for addressbook","level":2,"time":"2014-03-16T13:20:05+00:00"}
{"app":"OCP\\Share","message":"Sharing backend OCA\\Contacts\\Share\\Addressbook not registered, OCA\\Contacts\\Share\\Addressbook is already registered for addressbook","level":2,"time":"2014-03-16T13:20:05+00:00"}
{"app":"OCP\\Share","message":"Sharing backend OCA\\Contacts\\Share\\Addressbook not registered, OCA\\Contacts\\Share\\Addressbook is already registered for addressbook","level":2,"time":"2014-03-16T13:20:06+00:00"}
{"app":"core","message":"OC\\Tags::loadTags, tags: Array\n(\n)\n","level":0,"time":"2014-03-16T13:20:06+00:00"}
{"app":"core","message":"OC\\Tags::getFavorites, exception: Could not find category \"_$!<Favorite>!$_\"","level":0,"time":"2014-03-16T13:20:06+00:00"}
{"app":"OCP\\Share","message":"Sharing backend OCA\\Contacts\\Share\\Addressbook not registered, OCA\\Contacts\\Share\\Addressbook is already registered for addressbook","level":2,"time":"2014-03-16T13:20:06+00:00"}
{"app":"OCP\\Share","message":"Sharing backend OCA\\Contacts\\Share\\Addressbook not registered, OCA\\Contacts\\Share\\Addressbook is already registered for addressbook","level":2,"time":"2014-03-16T13:20:06+00:00"}
{"app":"OCP\\Share","message":"Sharing backend OCA\\Contacts\\Share\\Addressbook not registered, OCA\\Contacts\\Share\\Addressbook is already registered for addressbook","level":2,"time":"2014-03-16T13:20:06+00:00"}
{"app":"OCP\\Share","message":"Sharing backend OCA\\Contacts\\Share\\Addressbook not registered, OCA\\Contacts\\Share\\Addressbook is already registered for addressbook","level":2,"time":"2014-03-16T13:20:06+00:00"}
{"app":"OCP\\Share","message":"Sharing backend OCA\\Contacts\\Share\\Addressbook not registered, OCA\\Contacts\\Share\\Addressbook is already registered for addressbook","level":2,"time":"2014-03-16T13:20:11+00:00"}
{"app":"core","message":"OC\\Tags::loadTags, tags: Array\n(\n)\n","level":0,"time":"2014-03-16T13:20:11+00:00"}
{"app":"core","message":"OC\\Tags::add, id: 16","level":0,"time":"2014-03-16T13:20:11+00:00"}
{"app":"OCP\\Share","message":"Sharing backend OCA\\Contacts\\Share\\Addressbook not registered, OCA\\Contacts\\Share\\Addressbook is already registered for addressbook","level":2,"time":"2014-03-16T13:20:11+00:00"}
{"app":"OCP\\Share","message":"Sharing backend OCA\\Contacts\\Share\\Addressbook not registered, OCA\\Contacts\\Share\\Addressbook is already registered for addressbook","level":2,"time":"2014-03-16T13:20:14+00:00"}
{"app":"core","message":"OC\\Tags::loadTags, tags: Array\n(\n    [16] => test\n)\n","level":0,"time":"2014-03-16T13:20:14+00:00"}
{"app":"core","message":"OC\\Tags::add, id: 17","level":0,"time":"2014-03-16T13:20:14+00:00"}
{"app":"OCP\\Share","message":"Sharing backend OCA\\Contacts\\Share\\Addressbook not registered, OCA\\Contacts\\Share\\Addressbook is already registered for addressbook","level":2,"time":"2014-03-16T13:20:14+00:00"}
{"app":"OCP\\Share","message":"Sharing backend OCA\\Contacts\\Share\\Addressbook not registered, OCA\\Contacts\\Share\\Addressbook is already registered for addressbook","level":2,"time":"2014-03-16T13:20:16+00:00"}
{"app":"OCP\\Share","message":"Sharing backend OCA\\Contacts\\Share\\Addressbook not registered, OCA\\Contacts\\Share\\Addressbook is already registered for addressbook","level":2,"time":"2014-03-16T13:20:18+00:00"}
{"app":"contacts","message":"OCA\\Contacts\\Backend\\AbstractBackend::getAddressBookPermissions, permissions15","level":0,"time":"2014-03-16T13:20:18+00:00"}
{"app":"OCP\\Share","message":"Sharing backend OCA\\Contacts\\Share\\Addressbook not registered, OCA\\Contacts\\Share\\Addressbook is already registered for addressbook","level":2,"time":"2014-03-16T13:20:20+00:00"}
{"app":"contacts","message":"OCA\\Contacts\\Backend\\AbstractBackend::getAddressBookPermissions, permissions15","level":0,"time":"2014-03-16T13:20:20+00:00"}
{"app":"OCP\\Share","message":"Sharing backend OCA\\Contacts\\Share\\Addressbook not registered, OCA\\Contacts\\Share\\Addressbook is already registered for addressbook","level":2,"time":"2014-03-16T13:20:22+00:00"}
{"app":"contacts","message":"OCA\\Contacts\\Backend\\AbstractBackend::getAddressBookPermissions, permissions15","level":0,"time":"2014-03-16T13:20:22+00:00"}
{"app":"OCP\\Share","message":"Sharing backend OCA\\Contacts\\Share\\Addressbook not registered, OCA\\Contacts\\Share\\Addressbook is already registered for addressbook","level":2,"time":"2014-03-16T13:20:23+00:00"}
{"app":"contacts","message":"OCA\\Contacts\\Backend\\AbstractBackend::getAddressBookPermissions, permissions15","level":0,"time":"2014-03-16T13:20:23+00:00"}
{"app":"OCP\\Share","message":"Sharing backend OCA\\Contacts\\Share\\Addressbook not registered, OCA\\Contacts\\Share\\Addressbook is already registered for addressbook","level":2,"time":"2014-03-16T13:20:25+00:00"}
{"app":"contacts","message":"OCA\\Contacts\\Backend\\AbstractBackend::getAddressBookPermissions, permissions15","level":0,"time":"2014-03-16T13:20:25+00:00"}
{"app":"OCP\\Share","message":"Sharing backend OCA\\Contacts\\Share\\Addressbook not registered, OCA\\Contacts\\Share\\Addressbook is already registered for addressbook","level":2,"time":"2014-03-16T13:20:27+00:00"}
{"app":"contacts","message":"OCA\\Contacts\\Backend\\AbstractBackend::getAddressBookPermissions, permissions15","level":0,"time":"2014-03-16T13:20:27+00:00"}
{"app":"OCP\\Share","message":"Sharing backend OCA\\Contacts\\Share\\Addressbook not registered, OCA\\Contacts\\Share\\Addressbook is already registered for addressbook","level":2,"time":"2014-03-16T13:20:30+00:00"}
{"app":"contacts","message":"OCA\\Contacts\\Backend\\AbstractBackend::getAddressBookPermissions, permissions15","level":0,"time":"2014-03-16T13:20:30+00:00"}
{"app":"OCP\\Share","message":"Sharing backend OCA\\Contacts\\Share\\Addressbook not registered, OCA\\Contacts\\Share\\Addressbook is already registered for addressbook","level":2,"time":"2014-03-16T13:20:32+00:00"}
{"app":"contacts","message":"OCA\\Contacts\\Backend\\AbstractBackend::getAddressBookPermissions, permissions15","level":0,"time":"2014-03-16T13:20:32+00:00"}
{"app":"OCP\\Share","message":"Sharing backend OCA\\Contacts\\Share\\Addressbook not registered, OCA\\Contacts\\Share\\Addressbook is already registered for addressbook","level":2,"time":"2014-03-16T13:20:35+00:00"}
{"app":"contacts","message":"OCA\\Contacts\\Backend\\AbstractBackend::getAddressBookPermissions, permissions15","level":0,"time":"2014-03-16T13:20:35+00:00"}
{"app":"OCP\\Share","message":"Sharing backend OCA\\Contacts\\Share\\Addressbook not registered, OCA\\Contacts\\Share\\Addressbook is already registered for addressbook","level":2,"time":"2014-03-16T13:20:39+00:00"}
{"app":"contacts","message":"OCA\\Contacts\\Backend\\AbstractBackend::getAddressBookPermissions, permissions15","level":0,"time":"2014-03-16T13:20:39+00:00"}
{"app":"OCP\\Share","message":"Sharing backend OCA\\Contacts\\Share\\Addressbook not registered, OCA\\Contacts\\Share\\Addressbook is already registered for addressbook","level":2,"time":"2014-03-16T13:20:44+00:00"}
{"app":"OCP\\Share","message":"Sharing backend OCA\\Contacts\\Share\\Addressbook not registered, OCA\\Contacts\\Share\\Addressbook is already registered for addressbook","level":2,"time":"2014-03-16T13:20:44+00:00"}
{"app":"OCP\\Share","message":"Sharing backend OCA\\Contacts\\Share\\Addressbook not registered, OCA\\Contacts\\Share\\Addressbook is already registered for addressbook","level":2,"time":"2014-03-16T13:20:44+00:00"}
{"app":"OCP\\Share","message":"Sharing backend OCA\\Contacts\\Share\\Addressbook not registered, OCA\\Contacts\\Share\\Addressbook is already registered for addressbook","level":2,"time":"2014-03-16T13:20:44+00:00"}
{"app":"OCP\\Share","message":"Sharing backend OCA\\Contacts\\Share\\Addressbook not registered, OCA\\Contacts\\Share\\Addressbook is already registered for addressbook","level":2,"time":"2014-03-16T13:20:44+00:00"}
{"app":"OCP\\Share","message":"Sharing backend OCA\\Contacts\\Share\\Addressbook not registered, OCA\\Contacts\\Share\\Addressbook is already registered for addressbook","level":2,"time":"2014-03-16T13:20:44+00:00"}
{"app":"OCP\\Share","message":"Sharing backend OCA\\Contacts\\Share\\Addressbook not registered, OCA\\Contacts\\Share\\Addressbook is already registered for addressbook","level":2,"time":"2014-03-16T13:20:44+00:00"}
{"app":"core","message":"OC\\Tags::loadTags, tags: Array\n(\n    [1] => Birthday\n    [2] => Business\n    [3] => Call\n    [4] => Clients\n    [5] => Deliverer\n    [6] => Holidays\n    [7] => Ideas\n    [8] => Journey\n    [9] => Jubilee\n    [10] => Meeting\n    [11] => Other\n    [12] => Personal\n    [13] => Projects\n    [14] => Questions\n    [15] => Work\n)\n","level":0,"time":"2014-03-16T13:20:44+00:00"}
{"app":"core","message":"OC\\Tags::loadTags, tags: Array\n(\n    [1] => Birthday\n    [2] => Business\n    [3] => Call\n    [4] => Clients\n    [5] => Deliverer\n    [6] => Holidays\n    [7] => Ideas\n    [8] => Journey\n    [9] => Jubilee\n    [10] => Meeting\n    [11] => Other\n    [12] => Personal\n    [13] => Projects\n    [14] => Questions\n    [15] => Work\n)\n","level":0,"time":"2014-03-16T13:20:44+00:00"}
{"app":"OCP\\Share","message":"Sharing backend OCA\\Contacts\\Share\\Addressbook not registered, OCA\\Contacts\\Share\\Addressbook is already registered for addressbook","level":2,"time":"2014-03-16T13:20:44+00:00"}
{"app":"OCP\\Share","message":"Sharing backend OCA\\Contacts\\Share\\Addressbook not registered, OCA\\Contacts\\Share\\Addressbook is already registered for addressbook","level":2,"time":"2014-03-16T13:20:44+00:00"}
{"app":"OCP\\Share","message":"Sharing backend OCA\\Contacts\\Share\\Addressbook not registered, OCA\\Contacts\\Share\\Addressbook is already registered for addressbook","level":2,"time":"2014-03-16T13:20:44+00:00"}
{"app":"OCP\\Share","message":"Sharing backend OCA\\Contacts\\Share\\Addressbook not registered, OCA\\Contacts\\Share\\Addressbook is already registered for addressbook","level":2,"time":"2014-03-16T13:20:45+00:00"}
{"app":"OCP\\Share","message":"Sharing backend OCA\\Contacts\\Share\\Addressbook not registered, OCA\\Contacts\\Share\\Addressbook is already registered for addressbook","level":2,"time":"2014-03-16T13:20:45+00:00"}
{"app":"OCP\\Share","message":"Sharing backend OCA\\Contacts\\Share\\Addressbook not registered, OCA\\Contacts\\Share\\Addressbook is already registered for addressbook","level":2,"time":"2014-03-16T13:20:45+00:00"}
{"app":"OCP\\Share","message":"Sharing backend OCA\\Contacts\\Share\\Addressbook not registered, OCA\\Contacts\\Share\\Addressbook is already registered for addressbook","level":2,"time":"2014-03-16T13:20:45+00:00"}
{"app":"OCP\\Share","message":"Sharing backend OCA\\Contacts\\Share\\Addressbook not registered, OCA\\Contacts\\Share\\Addressbook is already registered for addressbook","level":2,"time":"2014-03-16T13:20:45+00:00"}
{"app":"OCP\\Share","message":"Sharing backend OCA\\Contacts\\Share\\Addressbook not registered, OCA\\Contacts\\Share\\Addressbook is already registered for addressbook","level":2,"time":"2014-03-16T13:20:45+00:00"}
{"app":"OCP\\Share","message":"Sharing backend OCA\\Contacts\\Share\\Addressbook not registered, OCA\\Contacts\\Share\\Addressbook is already registered for addressbook","level":2,"time":"2014-03-16T13:20:45+00:00"}
{"app":"OCP\\Share","message":"Sharing backend OCA\\Contacts\\Share\\Addressbook not registered, OCA\\Contacts\\Share\\Addressbook is already registered for addressbook","level":2,"time":"2014-03-16T13:20:45+00:00"}
{"app":"OCP\\Share","message":"Sharing backend OCA\\Contacts\\Share\\Addressbook not registered, OCA\\Contacts\\Share\\Addressbook is already registered for addressbook","level":2,"time":"2014-03-16T13:20:45+00:00"}
{"app":"OCP\\Share","message":"Sharing backend OCA\\Contacts\\Share\\Addressbook not registered, OCA\\Contacts\\Share\\Addressbook is already registered for addressbook","level":2,"time":"2014-03-16T13:20:45+00:00"}
{"app":"OCP\\Share","message":"Sharing backend OCA\\Contacts\\Share\\Addressbook not registered, OCA\\Contacts\\Share\\Addressbook is already registered for addressbook","level":2,"time":"2014-03-16T13:20:45+00:00"}
{"app":"OCP\\Share","message":"Sharing backend OCA\\Contacts\\Share\\Addressbook not registered, OCA\\Contacts\\Share\\Addressbook is already registered for addressbook","level":2,"time":"2014-03-16T13:20:45+00:00"}
{"app":"OCP\\Share","message":"Sharing backend OCA\\Contacts\\Share\\Addressbook not registered, OCA\\Contacts\\Share\\Addressbook is already registered for addressbook","level":2,"time":"2014-03-16T13:20:45+00:00"}
{"app":"OCP\\Share","message":"Sharing backend OCA\\Contacts\\Share\\Addressbook not registered, OCA\\Contacts\\Share\\Addressbook is already registered for addressbook","level":2,"time":"2014-03-16T13:20:45+00:00"}
{"app":"OCP\\Share","message":"Sharing backend OCA\\Contacts\\Share\\Addressbook not registered, OCA\\Contacts\\Share\\Addressbook is already registered for addressbook","level":2,"time":"2014-03-16T13:20:46+00:00"}
{"app":"OCP\\Share","message":"Sharing backend OCA\\Contacts\\Share\\Addressbook not registered, OCA\\Contacts\\Share\\Addressbook is already registered for addressbook","level":2,"time":"2014-03-16T13:20:47+00:00"}
{"app":"OCP\\Share","message":"Sharing backend OCA\\Contacts\\Share\\Addressbook not registered, OCA\\Contacts\\Share\\Addressbook is already registered for addressbook","level":2,"time":"2014-03-16T13:20:47+00:00"}
{"app":"OCP\\Share","message":"Sharing backend OCA\\Contacts\\Share\\Addressbook not registered, OCA\\Contacts\\Share\\Addressbook is already registered for addressbook","level":2,"time":"2014-03-16T13:20:47+00:00"}
{"app":"OCP\\Share","message":"Sharing backend OCA\\Contacts\\Share\\Addressbook not registered, OCA\\Contacts\\Share\\Addressbook is already registered for addressbook","level":2,"time":"2014-03-16T13:20:47+00:00"}
{"app":"OCP\\Share","message":"Sharing backend OCA\\Contacts\\Share\\Addressbook not registered, OCA\\Contacts\\Share\\Addressbook is already registered for addressbook","level":2,"time":"2014-03-16T13:20:47+00:00"}
{"app":"OCP\\Share","message":"Sharing backend OCA\\Contacts\\Share\\Addressbook not registered, OCA\\Contacts\\Share\\Addressbook is already registered for addressbook","level":2,"time":"2014-03-16T13:20:47+00:00"}
{"app":"OCP\\Share","message":"Sharing backend OCA\\Contacts\\Share\\Addressbook not registered, OCA\\Contacts\\Share\\Addressbook is already registered for addressbook","level":2,"time":"2014-03-16T13:20:47+00:00"}
{"app":"OCP\\Share","message":"Sharing backend OCA\\Contacts\\Share\\Addressbook not registered, OCA\\Contacts\\Share\\Addressbook is already registered for addressbook","level":2,"time":"2014-03-16T13:20:48+00:00"}
{"app":"OCP\\Share","message":"Sharing backend OCA\\Contacts\\Share\\Addressbook not registered, OCA\\Contacts\\Share\\Addressbook is already registered for addressbook","level":2,"time":"2014-03-16T13:20:50+00:00"}
{"app":"OCP\\Share","message":"Sharing backend OCA\\Contacts\\Share\\Addressbook not registered, OCA\\Contacts\\Share\\Addressbook is already registered for addressbook","level":2,"time":"2014-03-16T13:20:50+00:00"}
{"app":"OCP\\Share","message":"Sharing backend OCA\\Contacts\\Share\\Addressbook not registered, OCA\\Contacts\\Share\\Addressbook is already registered for addressbook","level":2,"time":"2014-03-16T13:20:51+00:00"}
{"app":"OCP\\Share","message":"Sharing backend OCA\\Contacts\\Share\\Addressbook not registered, OCA\\Contacts\\Share\\Addressbook is already registered for addressbook","level":2,"time":"2014-03-16T13:20:53+00:00"}
{"app":"OCP\\Share","message":"Sharing backend OCA\\Contacts\\Share\\Addressbook not registered, OCA\\Contacts\\Share\\Addressbook is already registered for addressbook","level":2,"time":"2014-03-16T13:20:54+00:00"}
{"app":"OCP\\Share","message":"Sharing backend OCA\\Contacts\\Share\\Addressbook not registered, OCA\\Contacts\\Share\\Addressbook is already registered for addressbook","level":2,"time":"2014-03-16T13:20:54+00:00"}
{"app":"OCP\\Share","message":"Sharing backend OCA\\Contacts\\Share\\Addressbook not registered, OCA\\Contacts\\Share\\Addressbook is already registered for addressbook","level":2,"time":"2014-03-16T13:20:56+00:00"}
{"app":"OCP\\Share","message":"Sharing backend OCA\\Contacts\\Share\\Addressbook not registered, OCA\\Contacts\\Share\\Addressbook is already registered for addressbook","level":2,"time":"2014-03-16T13:20:56+00:00"}
{"app":"OCP\\Share","message":"Sharing backend OCA\\Contacts\\Share\\Addressbook not registered, OCA\\Contacts\\Share\\Addressbook is already registered for addressbook","level":2,"time":"2014-03-16T13:20:57+00:00"}
{"app":"OCP\\Share","message":"Sharing backend OCA\\Contacts\\Share\\Addressbook not registered, OCA\\Contacts\\Share\\Addressbook is already registered for addressbook","level":2,"time":"2014-03-16T13:20:59+00:00"}
{"app":"OCP\\Share","message":"Sharing backend OCA\\Contacts\\Share\\Addressbook not registered, OCA\\Contacts\\Share\\Addressbook is already registered for addressbook","level":2,"time":"2014-03-16T13:20:59+00:00"}
{"app":"OCP\\Share","message":"Sharing backend OCA\\Contacts\\Share\\Addressbook not registered, OCA\\Contacts\\Share\\Addressbook is already registered for addressbook","level":2,"time":"2014-03-16T13:21:00+00:00"}
{"app":"OCP\\Share","message":"Sharing backend OCA\\Contacts\\Share\\Addressbook not registered, OCA\\Contacts\\Share\\Addressbook is already registered for addressbook","level":2,"time":"2014-03-16T13:21:01+00:00"}
{"app":"OCP\\Share","message":"Sharing backend OCA\\Contacts\\Share\\Addressbook not registered, OCA\\Contacts\\Share\\Addressbook is already registered for addressbook","level":2,"time":"2014-03-16T13:21:02+00:00"}
{"app":"OCP\\Share","message":"Sharing backend OCA\\Contacts\\Share\\Addressbook not registered, OCA\\Contacts\\Share\\Addressbook is already registered for addressbook","level":2,"time":"2014-03-16T13:21:02+00:00"}
{"app":"OCP\\Share","message":"Sharing backend OCA\\Contacts\\Share\\Addressbook not registered, OCA\\Contacts\\Share\\Addressbook is already registered for addressbook","level":2,"time":"2014-03-16T13:21:06+00:00"}
{"app":"OCP\\Share","message":"Sharing backend OCA\\Contacts\\Share\\Addressbook not registered, OCA\\Contacts\\Share\\Addressbook is already registered for addressbook","level":2,"time":"2014-03-16T13:21:07+00:00"}
{"app":"OCP\\Share","message":"Sharing backend OCA\\Contacts\\Share\\Addressbook not registered, OCA\\Contacts\\Share\\Addressbook is already registered for addressbook","level":2,"time":"2014-03-16T13:21:07+00:00"}
{"app":"OCP\\Share","message":"Sharing backend OCA\\Contacts\\Share\\Addressbook not registered, OCA\\Contacts\\Share\\Addressbook is already registered for addressbook","level":2,"time":"2014-03-16T13:21:10+00:00"}
{"app":"OCP\\Share","message":"Sharing backend OCA\\Contacts\\Share\\Addressbook not registered, OCA\\Contacts\\Share\\Addressbook is already registered for addressbook","level":2,"time":"2014-03-16T13:21:10+00:00"}
{"app":"OCP\\Share","message":"Sharing backend OCA\\Contacts\\Share\\Addressbook not registered, OCA\\Contacts\\Share\\Addressbook is already registered for addressbook","level":2,"time":"2014-03-16T13:21:11+00:00"}
{"app":"OCP\\Share","message":"Sharing backend OCA\\Contacts\\Share\\Addressbook not registered, OCA\\Contacts\\Share\\Addressbook is already registered for addressbook","level":2,"time":"2014-03-16T13:21:14+00:00"}
{"app":"OCP\\Share","message":"Sharing backend OCA\\Contacts\\Share\\Addressbook not registered, OCA\\Contacts\\Share\\Addressbook is already registered for addressbook","level":2,"time":"2014-03-16T13:21:14+00:00"}
{"app":"OCP\\Share","message":"Sharing backend OCA\\Contacts\\Share\\Addressbook not registered, OCA\\Contacts\\Share\\Addressbook is already registered for addressbook","level":2,"time":"2014-03-16T13:21:15+00:00"}
{"app":"OCP\\Share","message":"Sharing backend OCA\\Contacts\\Share\\Addressbook not registered, OCA\\Contacts\\Share\\Addressbook is already registered for addressbook","level":2,"time":"2014-03-16T13:21:17+00:00"}
{"app":"OCP\\Share","message":"Sharing backend OCA\\Contacts\\Share\\Addressbook not registered, OCA\\Contacts\\Share\\Addressbook is already registered for addressbook","level":2,"time":"2014-03-16T13:21:17+00:00"}
{"app":"OCP\\Share","message":"Sharing backend OCA\\Contacts\\Share\\Addressbook not registered, OCA\\Contacts\\Share\\Addressbook is already registered for addressbook","level":2,"time":"2014-03-16T13:21:18+00:00"}
{"app":"OCP\\Share","message":"Sharing backend OCA\\Contacts\\Share\\Addressbook not registered, OCA\\Contacts\\Share\\Addressbook is already registered for addressbook","level":2,"time":"2014-03-16T13:21:21+00:00"}
{"app":"OCP\\Share","message":"Sharing backend OCA\\Contacts\\Share\\Addressbook not registered, OCA\\Contacts\\Share\\Addressbook is already registered for addressbook","level":2,"time":"2014-03-16T13:21:21+00:00"}
{"app":"OCP\\Share","message":"Sharing backend OCA\\Contacts\\Share\\Addressbook not registered, OCA\\Contacts\\Share\\Addressbook is already registered for addressbook","level":2,"time":"2014-03-16T13:21:28+00:00"}
{"app":"OCP\\Share","message":"Sharing backend OCA\\Contacts\\Share\\Addressbook not registered, OCA\\Contacts\\Share\\Addressbook is already registered for addressbook","level":2,"time":"2014-03-16T13:21:28+00:00"}
{"app":"OCP\\Share","message":"Sharing backend OCA\\Contacts\\Share\\Addressbook not registered, OCA\\Contacts\\Share\\Addressbook is already registered for addressbook","level":2,"time":"2014-03-16T13:21:28+00:00"}
{"app":"OCP\\Share","message":"Sharing backend OCA\\Contacts\\Share\\Addressbook not registered, OCA\\Contacts\\Share\\Addressbook is already registered for addressbook","level":2,"time":"2014-03-16T13:21:28+00:00"}
{"app":"OCP\\Share","message":"Sharing backend OCA\\Contacts\\Share\\Addressbook not registered, OCA\\Contacts\\Share\\Addressbook is already registered for addressbook","level":2,"time":"2014-03-16T13:21:28+00:00"}
{"app":"OCP\\Share","message":"Sharing backend OCA\\Contacts\\Share\\Addressbook not registered, OCA\\Contacts\\Share\\Addressbook is already registered for addressbook","level":2,"time":"2014-03-16T13:21:28+00:00"}
{"app":"OCP\\Share","message":"Sharing backend OCA\\Contacts\\Share\\Addressbook not registered, OCA\\Contacts\\Share\\Addressbook is already registered for addressbook","level":2,"time":"2014-03-16T13:21:28+00:00"}
